{"/home/travis/build/nanogiants/nano-nodegen/src/app/index.ts": {"path":"/home/travis/build/nanogiants/nano-nodegen/src/app/index.ts","statementMap":{"0":{"start":{"line":1,"column":0},"end":{"line":1,"column":24}},"1":{"start":{"line":2,"column":0},"end":{"line":2,"column":54}},"2":{"start":{"line":4,"column":0},"end":{"line":4,"column":49}},"3":{"start":{"line":5,"column":0},"end":{"line":5,"column":51}},"4":{"start":{"line":6,"column":0},"end":{"line":6,"column":49}},"5":{"start":{"line":7,"column":0},"end":{"line":7,"column":43}},"6":{"start":{"line":8,"column":0},"end":{"line":8,"column":70}},"7":{"start":{"line":9,"column":0},"end":{"line":9,"column":45}},"8":{"start":{"line":15,"column":4},"end":{"line":49,"column":7}},"9":{"start":{"line":53,"column":4},"end":{"line":53,"column":99}},"10":{"start":{"line":55,"column":4},"end":{"line":66,"column":7}},"11":{"start":{"line":62,"column":6},"end":{"line":65,"column":8}},"12":{"start":{"line":68,"column":4},"end":{"line":86,"column":7}},"13":{"start":{"line":88,"column":4},"end":{"line":91,"column":null}},"14":{"start":{"line":89,"column":6},"end":{"line":89,"column":51}},"15":{"start":{"line":90,"column":6},"end":{"line":90,"column":56}},"16":{"start":{"line":93,"column":4},"end":{"line":95,"column":null}},"17":{"start":{"line":94,"column":6},"end":{"line":94,"column":55}},"18":{"start":{"line":97,"column":4},"end":{"line":102,"column":null}},"19":{"start":{"line":98,"column":6},"end":{"line":98,"column":53}},"20":{"start":{"line":99,"column":6},"end":{"line":101,"column":9}},"21":{"start":{"line":104,"column":4},"end":{"line":104,"column":54}},"22":{"start":{"line":106,"column":4},"end":{"line":108,"column":7}},"23":{"start":{"line":112,"column":4},"end":{"line":112,"column":54}},"24":{"start":{"line":113,"column":4},"end":{"line":113,"column":22}},"25":{"start":{"line":11,"column":0},"end":{"line":11,"column":21}}},"fnMap":{"0":{"name":"(anonymous_8)","decl":{"start":{"line":14,"column":8},"end":{"line":14,"column":17}},"loc":{"start":{"line":14,"column":17},"end":{"line":50,"column":null}}},"1":{"name":"(anonymous_10)","decl":{"start":{"line":52,"column":2},"end":{"line":52,"column":9}},"loc":{"start":{"line":52,"column":9},"end":{"line":109,"column":3}}},"2":{"name":"(anonymous_11)","decl":{"start":{"line":61,"column":14},"end":{"line":61,"column":15}},"loc":{"start":{"line":61,"column":38},"end":{"line":66,"column":5}}},"3":{"name":"(anonymous_12)","decl":{"start":{"line":111,"column":2},"end":{"line":111,"column":9}},"loc":{"start":{"line":111,"column":9},"end":{"line":114,"column":3}}}},"branchMap":{"0":{"loc":{"start":{"line":64,"column":44},"end":{"line":64,"column":80}},"type":"cond-expr","locations":[{"start":{"line":64,"column":44},"end":{"line":64,"column":80}},{"start":{"line":64,"column":83},"end":{"line":64,"column":113}}]},"1":{"loc":{"start":{"line":88,"column":4},"end":{"line":91,"column":null}},"type":"if","locations":[{"start":{"line":88,"column":4},"end":{"line":91,"column":null}},{"start":{"line":88,"column":4},"end":{"line":91,"column":null}}]},"2":{"loc":{"start":{"line":93,"column":4},"end":{"line":95,"column":null}},"type":"if","locations":[{"start":{"line":93,"column":4},"end":{"line":95,"column":null}},{"start":{"line":93,"column":4},"end":{"line":95,"column":null}}]},"3":{"loc":{"start":{"line":97,"column":4},"end":{"line":102,"column":null}},"type":"if","locations":[{"start":{"line":97,"column":4},"end":{"line":102,"column":null}},{"start":{"line":97,"column":4},"end":{"line":102,"column":null}}]}},"s":{"0":7,"1":7,"2":7,"3":7,"4":7,"5":7,"6":7,"7":7,"8":16,"9":16,"10":16,"11":80,"12":16,"13":16,"14":3,"15":3,"16":16,"17":1,"18":16,"19":4,"20":4,"21":16,"22":16,"23":16,"24":16,"25":7},"f":{"0":16,"1":16,"2":80,"3":16},"b":{"0":[16,64],"1":[3,13],"2":[1,15],"3":[4,12]}}
,"/home/travis/build/nanogiants/nano-nodegen/src/changelog/index.ts": {"path":"/home/travis/build/nanogiants/nano-nodegen/src/changelog/index.ts","statementMap":{"0":{"start":{"line":1,"column":0},"end":{"line":1,"column":54}},"1":{"start":{"line":3,"column":0},"end":{"line":3,"column":51}},"2":{"start":{"line":4,"column":0},"end":{"line":4,"column":49}},"3":{"start":{"line":5,"column":0},"end":{"line":5,"column":43}},"4":{"start":{"line":6,"column":0},"end":{"line":6,"column":45}},"5":{"start":{"line":8,"column":0},"end":{"line":37,"column":2}},"6":{"start":{"line":12,"column":4},"end":{"line":17,"column":7}},"7":{"start":{"line":21,"column":4},"end":{"line":35,"column":null}},"8":{"start":{"line":22,"column":6},"end":{"line":22,"column":112}},"9":{"start":{"line":24,"column":22},"end":{"line":32,"column":8}},"10":{"start":{"line":34,"column":6},"end":{"line":34,"column":80}}},"fnMap":{"0":{"name":"(anonymous_8)","decl":{"start":{"line":11,"column":8},"end":{"line":11,"column":17}},"loc":{"start":{"line":11,"column":17},"end":{"line":18,"column":null}}},"1":{"name":"(anonymous_10)","decl":{"start":{"line":20,"column":2},"end":{"line":20,"column":9}},"loc":{"start":{"line":20,"column":9},"end":{"line":36,"column":3}}}},"branchMap":{"0":{"loc":{"start":{"line":21,"column":4},"end":{"line":35,"column":null}},"type":"if","locations":[{"start":{"line":21,"column":4},"end":{"line":35,"column":null}},{"start":{"line":21,"column":4},"end":{"line":35,"column":null}}]}},"s":{"0":7,"1":7,"2":7,"3":7,"4":7,"5":7,"6":16,"7":16,"8":15,"9":15,"10":15},"f":{"0":16,"1":16},"b":{"0":[15,1]}}
,"/home/travis/build/nanogiants/nano-nodegen/src/eslint/index.ts": {"path":"/home/travis/build/nanogiants/nano-nodegen/src/eslint/index.ts","statementMap":{"0":{"start":{"line":1,"column":0},"end":{"line":1,"column":41}},"1":{"start":{"line":3,"column":0},"end":{"line":3,"column":51}},"2":{"start":{"line":4,"column":0},"end":{"line":4,"column":45}},"3":{"start":{"line":6,"column":0},"end":{"line":21,"column":2}},"4":{"start":{"line":8,"column":20},"end":{"line":15,"column":6}},"5":{"start":{"line":17,"column":4},"end":{"line":17,"column":78}},"6":{"start":{"line":19,"column":4},"end":{"line":19,"column":108}}},"fnMap":{"0":{"name":"(anonymous_1)","decl":{"start":{"line":7,"column":2},"end":{"line":7,"column":9}},"loc":{"start":{"line":7,"column":9},"end":{"line":20,"column":3}}}},"branchMap":{},"s":{"0":2,"1":2,"2":2,"3":2,"4":4,"5":4,"6":4},"f":{"0":4},"b":{}}
,"/home/travis/build/nanogiants/nano-nodegen/src/jest/index.ts": {"path":"/home/travis/build/nanogiants/nano-nodegen/src/jest/index.ts","statementMap":{"0":{"start":{"line":1,"column":0},"end":{"line":1,"column":24}},"1":{"start":{"line":2,"column":0},"end":{"line":2,"column":41}},"2":{"start":{"line":4,"column":0},"end":{"line":4,"column":51}},"3":{"start":{"line":5,"column":0},"end":{"line":5,"column":45}},"4":{"start":{"line":7,"column":0},"end":{"line":29,"column":2}},"5":{"start":{"line":9,"column":4},"end":{"line":9,"column":110}},"6":{"start":{"line":11,"column":4},"end":{"line":14,"column":6}},"7":{"start":{"line":15,"column":4},"end":{"line":15,"column":104}},"8":{"start":{"line":17,"column":4},"end":{"line":27,"column":7}}},"fnMap":{"0":{"name":"(anonymous_1)","decl":{"start":{"line":8,"column":2},"end":{"line":8,"column":9}},"loc":{"start":{"line":8,"column":9},"end":{"line":28,"column":3}}}},"branchMap":{},"s":{"0":2,"1":2,"2":2,"3":2,"4":2,"5":3,"6":3,"7":3,"8":3},"f":{"0":3},"b":{}}
,"/home/travis/build/nanogiants/nano-nodegen/src/lib/enums/features.ts": {"path":"/home/travis/build/nanogiants/nano-nodegen/src/lib/enums/features.ts","statementMap":{"0":{"start":{"line":1,"column":0},"end":{"line":1,"column":null}},"1":{"start":{"line":2,"column":2},"end":{"line":2,"column":null}},"2":{"start":{"line":3,"column":2},"end":{"line":3,"column":null}},"3":{"start":{"line":4,"column":2},"end":{"line":4,"column":null}}},"fnMap":{"0":{"name":"(anonymous_0)","decl":{"start":{"line":1,"column":0},"end":{"line":1,"column":12}},"loc":{"start":{"line":1,"column":20},"end":{"line":5,"column":1}}}},"branchMap":{"0":{"loc":{"start":{"line":1,"column":12},"end":{"line":1,"column":20}},"type":"binary-expr","locations":[{"start":{"line":1,"column":12},"end":{"line":1,"column":20}},{"start":{"line":1,"column":12},"end":{"line":1,"column":null}}]}},"s":{"0":7,"1":7,"2":7,"3":7},"f":{"0":7},"b":{"0":[7,7]}}
,"/home/travis/build/nanogiants/nano-nodegen/src/lib/enums/filenames.ts": {"path":"/home/travis/build/nanogiants/nano-nodegen/src/lib/enums/filenames.ts","statementMap":{"0":{"start":{"line":1,"column":0},"end":{"line":1,"column":null}},"1":{"start":{"line":2,"column":2},"end":{"line":2,"column":null}},"2":{"start":{"line":3,"column":2},"end":{"line":3,"column":null}},"3":{"start":{"line":4,"column":2},"end":{"line":4,"column":null}},"4":{"start":{"line":5,"column":2},"end":{"line":5,"column":null}},"5":{"start":{"line":6,"column":2},"end":{"line":6,"column":null}},"6":{"start":{"line":7,"column":2},"end":{"line":7,"column":null}},"7":{"start":{"line":8,"column":2},"end":{"line":8,"column":null}},"8":{"start":{"line":9,"column":2},"end":{"line":9,"column":null}},"9":{"start":{"line":10,"column":2},"end":{"line":10,"column":null}},"10":{"start":{"line":11,"column":2},"end":{"line":11,"column":null}},"11":{"start":{"line":12,"column":2},"end":{"line":12,"column":null}},"12":{"start":{"line":13,"column":2},"end":{"line":13,"column":null}},"13":{"start":{"line":14,"column":2},"end":{"line":14,"column":null}},"14":{"start":{"line":16,"column":2},"end":{"line":16,"column":null}},"15":{"start":{"line":17,"column":2},"end":{"line":17,"column":null}}},"fnMap":{"0":{"name":"(anonymous_0)","decl":{"start":{"line":1,"column":0},"end":{"line":1,"column":12}},"loc":{"start":{"line":1,"column":21},"end":{"line":18,"column":1}}}},"branchMap":{"0":{"loc":{"start":{"line":1,"column":12},"end":{"line":1,"column":21}},"type":"binary-expr","locations":[{"start":{"line":1,"column":12},"end":{"line":1,"column":21}},{"start":{"line":1,"column":12},"end":{"line":1,"column":null}}]}},"s":{"0":8,"1":8,"2":8,"3":8,"4":8,"5":8,"6":8,"7":8,"8":8,"9":8,"10":8,"11":8,"12":8,"13":8,"14":8,"15":8},"f":{"0":8},"b":{"0":[8,8]}}
,"/home/travis/build/nanogiants/nano-nodegen/src/lib/enums/messages.ts": {"path":"/home/travis/build/nanogiants/nano-nodegen/src/lib/enums/messages.ts","statementMap":{"0":{"start":{"line":1,"column":0},"end":{"line":1,"column":null}},"1":{"start":{"line":2,"column":2},"end":{"line":2,"column":null}},"2":{"start":{"line":3,"column":2},"end":{"line":3,"column":null}},"3":{"start":{"line":4,"column":2},"end":{"line":4,"column":null}},"4":{"start":{"line":5,"column":2},"end":{"line":5,"column":null}},"5":{"start":{"line":6,"column":2},"end":{"line":6,"column":null}},"6":{"start":{"line":7,"column":2},"end":{"line":7,"column":null}},"7":{"start":{"line":8,"column":2},"end":{"line":8,"column":null}},"8":{"start":{"line":9,"column":2},"end":{"line":9,"column":null}},"9":{"start":{"line":10,"column":2},"end":{"line":10,"column":null}}},"fnMap":{"0":{"name":"(anonymous_0)","decl":{"start":{"line":1,"column":0},"end":{"line":1,"column":12}},"loc":{"start":{"line":1,"column":20},"end":{"line":11,"column":1}}}},"branchMap":{"0":{"loc":{"start":{"line":1,"column":12},"end":{"line":1,"column":20}},"type":"binary-expr","locations":[{"start":{"line":1,"column":12},"end":{"line":1,"column":20}},{"start":{"line":1,"column":12},"end":{"line":1,"column":null}}]}},"s":{"0":7,"1":7,"2":7,"3":7,"4":7,"5":7,"6":7,"7":7,"8":7,"9":7},"f":{"0":7},"b":{"0":[7,7]}}
,"/home/travis/build/nanogiants/nano-nodegen/src/lib/enums/names.ts": {"path":"/home/travis/build/nanogiants/nano-nodegen/src/lib/enums/names.ts","statementMap":{"0":{"start":{"line":1,"column":0},"end":{"line":1,"column":null}},"1":{"start":{"line":2,"column":2},"end":{"line":2,"column":null}},"2":{"start":{"line":3,"column":2},"end":{"line":3,"column":null}},"3":{"start":{"line":4,"column":2},"end":{"line":4,"column":null}},"4":{"start":{"line":5,"column":2},"end":{"line":5,"column":null}},"5":{"start":{"line":6,"column":2},"end":{"line":6,"column":null}},"6":{"start":{"line":7,"column":2},"end":{"line":7,"column":null}},"7":{"start":{"line":8,"column":2},"end":{"line":8,"column":null}},"8":{"start":{"line":9,"column":2},"end":{"line":9,"column":null}},"9":{"start":{"line":10,"column":2},"end":{"line":10,"column":null}}},"fnMap":{"0":{"name":"(anonymous_0)","decl":{"start":{"line":1,"column":0},"end":{"line":1,"column":12}},"loc":{"start":{"line":1,"column":17},"end":{"line":11,"column":1}}}},"branchMap":{"0":{"loc":{"start":{"line":1,"column":12},"end":{"line":1,"column":17}},"type":"binary-expr","locations":[{"start":{"line":1,"column":12},"end":{"line":1,"column":17}},{"start":{"line":1,"column":12},"end":{"line":1,"column":null}}]}},"s":{"0":7,"1":7,"2":7,"3":7,"4":7,"5":7,"6":7,"7":7,"8":7,"9":7},"f":{"0":7},"b":{"0":[7,7]}}
,"/home/travis/build/nanogiants/nano-nodegen/src/lib/helpers/github.client.ts": {"path":"/home/travis/build/nanogiants/nano-nodegen/src/lib/helpers/github.client.ts","statementMap":{"0":{"start":{"line":1,"column":0},"end":{"line":1,"column":45}},"1":{"start":{"line":6,"column":4},"end":{"line":8,"column":7}},"2":{"start":{"line":12,"column":21},"end":{"line":12,"column":54}},"3":{"start":{"line":13,"column":4},"end":{"line":13,"column":16}},"4":{"start":{"line":17,"column":21},"end":{"line":17,"column":61}},"5":{"start":{"line":18,"column":4},"end":{"line":18,"column":16}},"6":{"start":{"line":22,"column":13},"end":{"line":22,"column":41}}},"fnMap":{"0":{"name":"(anonymous_8)","decl":{"start":{"line":5,"column":2},"end":{"line":5,"column":null}},"loc":{"start":{"line":5,"column":2},"end":{"line":9,"column":3}}},"1":{"name":"(anonymous_9)","decl":{"start":{"line":11,"column":8},"end":{"line":11,"column":19}},"loc":{"start":{"line":11,"column":19},"end":{"line":14,"column":null}}},"2":{"name":"(anonymous_11)","decl":{"start":{"line":16,"column":8},"end":{"line":16,"column":18}},"loc":{"start":{"line":16,"column":30},"end":{"line":19,"column":null}}}},"branchMap":{},"s":{"0":7,"1":7,"2":15,"3":14,"4":14,"5":13,"6":7},"f":{"0":7,"1":15,"2":14},"b":{}}
,"/home/travis/build/nanogiants/nano-nodegen/src/lib/helpers/index.ts": {"path":"/home/travis/build/nanogiants/nano-nodegen/src/lib/helpers/index.ts","statementMap":{"0":{"start":{"line":1,"column":0},"end":{"line":1,"column":59}},"1":{"start":{"line":5,"column":13},"end":{"line":7,"column":2}},"2":{"start":{"line":6,"column":2},"end":{"line":6,"column":77}},"3":{"start":{"line":6,"column":55},"end":{"line":6,"column":75}},"4":{"start":{"line":9,"column":13},"end":{"line":11,"column":2}},"5":{"start":{"line":10,"column":2},"end":{"line":10,"column":56}}},"fnMap":{"0":{"name":"(anonymous_1)","decl":{"start":{"line":5,"column":27},"end":{"line":5,"column":28}},"loc":{"start":{"line":5,"column":72},"end":{"line":7,"column":1}}},"1":{"name":"(anonymous_2)","decl":{"start":{"line":6,"column":31},"end":{"line":6,"column":32}},"loc":{"start":{"line":6,"column":55},"end":{"line":6,"column":75}}},"2":{"name":"(anonymous_3)","decl":{"start":{"line":9,"column":39},"end":{"line":9,"column":40}},"loc":{"start":{"line":9,"column":58},"end":{"line":11,"column":1}}}},"branchMap":{},"s":{"0":8,"1":8,"2":52,"3":28,"4":8,"5":2},"f":{"0":52,"1":28,"2":2},"b":{}}
,"/home/travis/build/nanogiants/nano-nodegen/src/lib/helpers/package.ts": {"path":"/home/travis/build/nanogiants/nano-nodegen/src/lib/helpers/package.ts","statementMap":{"0":{"start":{"line":2,"column":16},"end":{"line":2,"column":48}},"1":{"start":{"line":4,"column":0},"end":{"line":4,"column":23}}},"fnMap":{},"branchMap":{},"s":{"0":8,"1":8},"f":{},"b":{}}
,"/home/travis/build/nanogiants/nano-nodegen/src/lib/test/helpers.ts": {"path":"/home/travis/build/nanogiants/nano-nodegen/src/lib/test/helpers.ts","statementMap":{"0":{"start":{"line":2,"column":0},"end":{"line":2,"column":34}},"1":{"start":{"line":4,"column":0},"end":{"line":4,"column":39}},"2":{"start":{"line":6,"column":13},"end":{"line":15,"column":2}},"3":{"start":{"line":6,"column":67},"end":{"line":15,"column":2}},"4":{"start":{"line":7,"column":2},"end":{"line":14,"column":40}}},"fnMap":{"0":{"name":"(anonymous_8)","decl":{"start":{"line":6,"column":32},"end":{"line":6,"column":39}},"loc":{"start":{"line":6,"column":67},"end":{"line":15,"column":2}}},"1":{"name":"(anonymous_9)","decl":{"start":{"line":6,"column":67},"end":{"line":6,"column":null}},"loc":{"start":{"line":6,"column":67},"end":{"line":15,"column":1}}}},"branchMap":{},"s":{"0":6,"1":6,"2":6,"3":15,"4":15},"f":{"0":15,"1":15},"b":{}}
,"/home/travis/build/nanogiants/nano-nodegen/src/license/index.ts": {"path":"/home/travis/build/nanogiants/nano-nodegen/src/license/index.ts","statementMap":{"0":{"start":{"line":1,"column":0},"end":{"line":1,"column":26}},"1":{"start":{"line":2,"column":0},"end":{"line":2,"column":54}},"2":{"start":{"line":4,"column":0},"end":{"line":4,"column":51}},"3":{"start":{"line":5,"column":0},"end":{"line":5,"column":49}},"4":{"start":{"line":6,"column":0},"end":{"line":6,"column":43}},"5":{"start":{"line":7,"column":0},"end":{"line":7,"column":60}},"6":{"start":{"line":9,"column":0},"end":{"line":58,"column":2}},"7":{"start":{"line":13,"column":4},"end":{"line":18,"column":7}},"8":{"start":{"line":19,"column":4},"end":{"line":39,"column":null}},"9":{"start":{"line":20,"column":6},"end":{"line":38,"column":null}},"10":{"start":{"line":21,"column":25},"end":{"line":21,"column":57}},"11":{"start":{"line":22,"column":30},"end":{"line":33,"column":10}},"12":{"start":{"line":28,"column":47},"end":{"line":31,"column":14}},"13":{"start":{"line":34,"column":8},"end":{"line":34,"column":67}},"14":{"start":{"line":36,"column":8},"end":{"line":36,"column":49}},"15":{"start":{"line":37,"column":8},"end":{"line":37,"column":67}},"16":{"start":{"line":43,"column":4},"end":{"line":56,"column":null}},"17":{"start":{"line":44,"column":6},"end":{"line":51,"column":null}},"18":{"start":{"line":45,"column":31},"end":{"line":45,"column":89}},"19":{"start":{"line":46,"column":8},"end":{"line":48,"column":11}},"20":{"start":{"line":50,"column":8},"end":{"line":50,"column":66}},"21":{"start":{"line":53,"column":6},"end":{"line":55,"column":9}}},"fnMap":{"0":{"name":"(anonymous_8)","decl":{"start":{"line":12,"column":8},"end":{"line":12,"column":17}},"loc":{"start":{"line":12,"column":17},"end":{"line":40,"column":null}}},"1":{"name":"(anonymous_10)","decl":{"start":{"line":28,"column":34},"end":{"line":28,"column":35}},"loc":{"start":{"line":28,"column":47},"end":{"line":31,"column":14}}},"2":{"name":"(anonymous_11)","decl":{"start":{"line":42,"column":8},"end":{"line":42,"column":15}},"loc":{"start":{"line":42,"column":15},"end":{"line":57,"column":null}}}},"branchMap":{"0":{"loc":{"start":{"line":19,"column":4},"end":{"line":39,"column":null}},"type":"if","locations":[{"start":{"line":19,"column":4},"end":{"line":39,"column":null}},{"start":{"line":19,"column":4},"end":{"line":39,"column":null}}]},"1":{"loc":{"start":{"line":43,"column":4},"end":{"line":56,"column":null}},"type":"if","locations":[{"start":{"line":43,"column":4},"end":{"line":56,"column":null}},{"start":{"line":43,"column":4},"end":{"line":56,"column":null}}]}},"s":{"0":7,"1":7,"2":7,"3":7,"4":7,"5":7,"6":7,"7":16,"8":16,"9":15,"10":15,"11":14,"12":158,"13":14,"14":1,"15":1,"16":16,"17":14,"18":14,"19":13,"20":1,"21":14},"f":{"0":16,"1":158,"2":16},"b":{"0":[15,1],"1":[14,2]}}
,"/home/travis/build/nanogiants/nano-nodegen/src/lintstaged/index.ts": {"path":"/home/travis/build/nanogiants/nano-nodegen/src/lintstaged/index.ts","statementMap":{"0":{"start":{"line":1,"column":0},"end":{"line":1,"column":54}},"1":{"start":{"line":3,"column":0},"end":{"line":3,"column":51}},"2":{"start":{"line":4,"column":0},"end":{"line":4,"column":49}},"3":{"start":{"line":5,"column":0},"end":{"line":5,"column":43}},"4":{"start":{"line":6,"column":0},"end":{"line":6,"column":45}},"5":{"start":{"line":8,"column":0},"end":{"line":53,"column":2}},"6":{"start":{"line":11,"column":4},"end":{"line":11,"column":24}},"7":{"start":{"line":9,"column":2},"end":{"line":9,"column":23}},"8":{"start":{"line":12,"column":4},"end":{"line":12,"column":44}},"9":{"start":{"line":18,"column":4},"end":{"line":23,"column":7}},"10":{"start":{"line":27,"column":4},"end":{"line":51,"column":null}},"11":{"start":{"line":28,"column":6},"end":{"line":28,"column":112}},"12":{"start":{"line":30,"column":33},"end":{"line":30,"column":62}},"13":{"start":{"line":33,"column":6},"end":{"line":35,"column":null}},"14":{"start":{"line":34,"column":8},"end":{"line":34,"column":60}},"15":{"start":{"line":37,"column":6},"end":{"line":50,"column":9}}},"fnMap":{"0":{"name":"(anonymous_8)","decl":{"start":{"line":10,"column":2},"end":{"line":10,"column":14}},"loc":{"start":{"line":10,"column":50},"end":{"line":13,"column":3}}},"1":{"name":"(anonymous_9)","decl":{"start":{"line":17,"column":8},"end":{"line":17,"column":17}},"loc":{"start":{"line":17,"column":17},"end":{"line":24,"column":null}}},"2":{"name":"(anonymous_11)","decl":{"start":{"line":26,"column":2},"end":{"line":26,"column":9}},"loc":{"start":{"line":26,"column":9},"end":{"line":52,"column":3}}}},"branchMap":{"0":{"loc":{"start":{"line":27,"column":4},"end":{"line":51,"column":null}},"type":"if","locations":[{"start":{"line":27,"column":4},"end":{"line":51,"column":null}},{"start":{"line":27,"column":4},"end":{"line":51,"column":null}}]},"1":{"loc":{"start":{"line":33,"column":6},"end":{"line":35,"column":null}},"type":"if","locations":[{"start":{"line":33,"column":6},"end":{"line":35,"column":null}},{"start":{"line":33,"column":6},"end":{"line":35,"column":null}}]}},"s":{"0":2,"1":2,"2":2,"3":2,"4":2,"5":2,"6":4,"7":4,"8":4,"9":4,"10":4,"11":2,"12":2,"13":2,"14":1,"15":2},"f":{"0":4,"1":4,"2":4},"b":{"0":[2,2],"1":[1,1]}}
,"/home/travis/build/nanogiants/nano-nodegen/src/prettier/index.ts": {"path":"/home/travis/build/nanogiants/nano-nodegen/src/prettier/index.ts","statementMap":{"0":{"start":{"line":1,"column":0},"end":{"line":1,"column":41}},"1":{"start":{"line":3,"column":0},"end":{"line":3,"column":51}},"2":{"start":{"line":4,"column":0},"end":{"line":4,"column":45}},"3":{"start":{"line":6,"column":0},"end":{"line":15,"column":2}},"4":{"start":{"line":8,"column":4},"end":{"line":8,"column":112}},"5":{"start":{"line":9,"column":4},"end":{"line":13,"column":7}}},"fnMap":{"0":{"name":"(anonymous_1)","decl":{"start":{"line":7,"column":2},"end":{"line":7,"column":9}},"loc":{"start":{"line":7,"column":9},"end":{"line":14,"column":3}}}},"branchMap":{},"s":{"0":2,"1":2,"2":2,"3":2,"4":2,"5":2},"f":{"0":2},"b":{}}
,"/home/travis/build/nanogiants/nano-nodegen/src/sonarqube/index.ts": {"path":"/home/travis/build/nanogiants/nano-nodegen/src/sonarqube/index.ts","statementMap":{"0":{"start":{"line":1,"column":0},"end":{"line":1,"column":24}},"1":{"start":{"line":2,"column":0},"end":{"line":2,"column":54}},"2":{"start":{"line":4,"column":0},"end":{"line":4,"column":51}},"3":{"start":{"line":5,"column":0},"end":{"line":5,"column":49}},"4":{"start":{"line":6,"column":0},"end":{"line":6,"column":43}},"5":{"start":{"line":8,"column":0},"end":{"line":42,"column":2}},"6":{"start":{"line":12,"column":4},"end":{"line":17,"column":7}},"7":{"start":{"line":21,"column":4},"end":{"line":40,"column":null}},"8":{"start":{"line":22,"column":6},"end":{"line":22,"column":112}},"9":{"start":{"line":24,"column":6},"end":{"line":26,"column":9}},"10":{"start":{"line":25,"column":8},"end":{"line":25,"column":82}},"11":{"start":{"line":28,"column":6},"end":{"line":31,"column":8}},"12":{"start":{"line":33,"column":6},"end":{"line":39,"column":9}}},"fnMap":{"0":{"name":"(anonymous_8)","decl":{"start":{"line":11,"column":8},"end":{"line":11,"column":17}},"loc":{"start":{"line":11,"column":17},"end":{"line":18,"column":null}}},"1":{"name":"(anonymous_10)","decl":{"start":{"line":20,"column":2},"end":{"line":20,"column":9}},"loc":{"start":{"line":20,"column":9},"end":{"line":41,"column":3}}},"2":{"name":"(anonymous_11)","decl":{"start":{"line":24,"column":73},"end":{"line":24,"column":74}},"loc":{"start":{"line":24,"column":97},"end":{"line":26,"column":7}}}},"branchMap":{"0":{"loc":{"start":{"line":21,"column":4},"end":{"line":40,"column":null}},"type":"if","locations":[{"start":{"line":21,"column":4},"end":{"line":40,"column":null}},{"start":{"line":21,"column":4},"end":{"line":40,"column":null}}]}},"s":{"0":2,"1":2,"2":2,"3":2,"4":2,"5":2,"6":3,"7":3,"8":1,"9":1,"10":2,"11":1,"12":1},"f":{"0":3,"1":3,"2":2},"b":{"0":[1,2]}}
}
