TN:
SF:../../home/travis/build/nanogiants/nano-nodegen/src/app/index.ts
FN:14,(anonymous_8)
FN:52,(anonymous_10)
FN:61,(anonymous_11)
FN:111,(anonymous_12)
FNF:4
FNH:4
FNDA:16,(anonymous_8)
FNDA:16,(anonymous_10)
FNDA:80,(anonymous_11)
FNDA:16,(anonymous_12)
DA:1,7
DA:2,7
DA:4,7
DA:5,7
DA:6,7
DA:7,7
DA:8,7
DA:9,7
DA:11,7
DA:15,16
DA:53,16
DA:55,16
DA:62,80
DA:68,16
DA:88,16
DA:89,3
DA:90,3
DA:93,16
DA:94,1
DA:97,16
DA:98,4
DA:99,4
DA:104,16
DA:106,16
DA:112,16
DA:113,16
LF:26
LH:26
BRDA:64,0,0,16
BRDA:64,0,1,64
BRDA:88,1,0,3
BRDA:88,1,1,13
BRDA:93,2,0,1
BRDA:93,2,1,15
BRDA:97,3,0,4
BRDA:97,3,1,12
BRF:8
BRH:8
end_of_record
TN:
SF:../../home/travis/build/nanogiants/nano-nodegen/src/changelog/index.ts
FN:11,(anonymous_8)
FN:20,(anonymous_10)
FNF:2
FNH:2
FNDA:16,(anonymous_8)
FNDA:16,(anonymous_10)
DA:1,7
DA:3,7
DA:4,7
DA:5,7
DA:6,7
DA:8,7
DA:12,16
DA:21,16
DA:22,15
DA:24,15
DA:34,15
LF:11
LH:11
BRDA:21,0,0,15
BRDA:21,0,1,1
BRF:2
BRH:2
end_of_record
TN:
SF:../../home/travis/build/nanogiants/nano-nodegen/src/eslint/index.ts
FN:7,(anonymous_1)
FNF:1
FNH:1
FNDA:4,(anonymous_1)
DA:1,2
DA:3,2
DA:4,2
DA:6,2
DA:8,4
DA:17,4
DA:19,4
LF:7
LH:7
BRF:0
BRH:0
end_of_record
TN:
SF:../../home/travis/build/nanogiants/nano-nodegen/src/jest/index.ts
FN:8,(anonymous_1)
FNF:1
FNH:1
FNDA:3,(anonymous_1)
DA:1,2
DA:2,2
DA:4,2
DA:5,2
DA:7,2
DA:9,3
DA:11,3
DA:15,3
DA:17,3
LF:9
LH:9
BRF:0
BRH:0
end_of_record
TN:
SF:../../home/travis/build/nanogiants/nano-nodegen/src/lib/enums/features.ts
FN:1,(anonymous_0)
FNF:1
FNH:1
FNDA:7,(anonymous_0)
DA:1,7
DA:2,7
DA:3,7
DA:4,7
LF:4
LH:4
BRDA:1,0,0,7
BRDA:1,0,1,7
BRF:2
BRH:2
end_of_record
TN:
SF:../../home/travis/build/nanogiants/nano-nodegen/src/lib/enums/filenames.ts
FN:1,(anonymous_0)
FNF:1
FNH:1
FNDA:8,(anonymous_0)
DA:1,8
DA:2,8
DA:3,8
DA:4,8
DA:5,8
DA:6,8
DA:7,8
DA:8,8
DA:9,8
DA:10,8
DA:11,8
DA:12,8
DA:13,8
DA:14,8
DA:16,8
DA:17,8
LF:16
LH:16
BRDA:1,0,0,8
BRDA:1,0,1,8
BRF:2
BRH:2
end_of_record
TN:
SF:../../home/travis/build/nanogiants/nano-nodegen/src/lib/enums/messages.ts
FN:1,(anonymous_0)
FNF:1
FNH:1
FNDA:7,(anonymous_0)
DA:1,7
DA:2,7
DA:3,7
DA:4,7
DA:5,7
DA:6,7
DA:7,7
DA:8,7
DA:9,7
DA:10,7
LF:10
LH:10
BRDA:1,0,0,7
BRDA:1,0,1,7
BRF:2
BRH:2
end_of_record
TN:
SF:../../home/travis/build/nanogiants/nano-nodegen/src/lib/enums/names.ts
FN:1,(anonymous_0)
FNF:1
FNH:1
FNDA:7,(anonymous_0)
DA:1,7
DA:2,7
DA:3,7
DA:4,7
DA:5,7
DA:6,7
DA:7,7
DA:8,7
DA:9,7
DA:10,7
LF:10
LH:10
BRDA:1,0,0,7
BRDA:1,0,1,7
BRF:2
BRH:2
end_of_record
TN:
SF:../../home/travis/build/nanogiants/nano-nodegen/src/lib/helpers/github.client.ts
FN:5,(anonymous_8)
FN:11,(anonymous_9)
FN:16,(anonymous_11)
FNF:3
FNH:3
FNDA:7,(anonymous_8)
FNDA:15,(anonymous_9)
FNDA:14,(anonymous_11)
DA:1,7
DA:6,7
DA:12,15
DA:13,14
DA:17,14
DA:18,13
DA:22,7
LF:7
LH:7
BRF:0
BRH:0
end_of_record
TN:
SF:../../home/travis/build/nanogiants/nano-nodegen/src/lib/helpers/index.ts
FN:5,(anonymous_1)
FN:6,(anonymous_2)
FN:9,(anonymous_3)
FNF:3
FNH:3
FNDA:52,(anonymous_1)
FNDA:28,(anonymous_2)
FNDA:2,(anonymous_3)
DA:1,8
DA:5,8
DA:6,52
DA:9,8
DA:10,2
LF:5
LH:5
BRF:0
BRH:0
end_of_record
TN:
SF:../../home/travis/build/nanogiants/nano-nodegen/src/lib/helpers/package.ts
FNF:0
FNH:0
DA:2,8
DA:4,8
LF:2
LH:2
BRF:0
BRH:0
end_of_record
TN:
SF:../../home/travis/build/nanogiants/nano-nodegen/src/lib/test/helpers.ts
FN:6,(anonymous_8)
FN:6,(anonymous_9)
FNF:2
FNH:2
FNDA:15,(anonymous_8)
FNDA:15,(anonymous_9)
DA:2,6
DA:4,6
DA:6,15
DA:7,15
LF:4
LH:4
BRF:0
BRH:0
end_of_record
TN:
SF:../../home/travis/build/nanogiants/nano-nodegen/src/license/index.ts
FN:12,(anonymous_8)
FN:28,(anonymous_10)
FN:42,(anonymous_11)
FNF:3
FNH:3
FNDA:16,(anonymous_8)
FNDA:158,(anonymous_10)
FNDA:16,(anonymous_11)
DA:1,7
DA:2,7
DA:4,7
DA:5,7
DA:6,7
DA:7,7
DA:9,7
DA:13,16
DA:19,16
DA:20,15
DA:21,15
DA:22,14
DA:28,158
DA:34,14
DA:36,1
DA:37,1
DA:43,16
DA:44,14
DA:45,14
DA:46,13
DA:50,1
DA:53,14
LF:22
LH:22
BRDA:19,0,0,15
BRDA:19,0,1,1
BRDA:43,1,0,14
BRDA:43,1,1,2
BRF:4
BRH:4
end_of_record
TN:
SF:../../home/travis/build/nanogiants/nano-nodegen/src/lintstaged/index.ts
FN:10,(anonymous_8)
FN:17,(anonymous_9)
FN:26,(anonymous_11)
FNF:3
FNH:3
FNDA:4,(anonymous_8)
FNDA:4,(anonymous_9)
FNDA:4,(anonymous_11)
DA:1,2
DA:3,2
DA:4,2
DA:5,2
DA:6,2
DA:8,2
DA:9,4
DA:11,4
DA:12,4
DA:18,4
DA:27,4
DA:28,2
DA:30,2
DA:33,2
DA:34,1
DA:37,2
LF:16
LH:16
BRDA:27,0,0,2
BRDA:27,0,1,2
BRDA:33,1,0,1
BRDA:33,1,1,1
BRF:4
BRH:4
end_of_record
TN:
SF:../../home/travis/build/nanogiants/nano-nodegen/src/prettier/index.ts
FN:7,(anonymous_1)
FNF:1
FNH:1
FNDA:2,(anonymous_1)
DA:1,2
DA:3,2
DA:4,2
DA:6,2
DA:8,2
DA:9,2
LF:6
LH:6
BRF:0
BRH:0
end_of_record
TN:
SF:../../home/travis/build/nanogiants/nano-nodegen/src/sonarqube/index.ts
FN:11,(anonymous_8)
FN:20,(anonymous_10)
FN:24,(anonymous_11)
FNF:3
FNH:3
FNDA:3,(anonymous_8)
FNDA:3,(anonymous_10)
FNDA:2,(anonymous_11)
DA:1,2
DA:2,2
DA:4,2
DA:5,2
DA:6,2
DA:8,2
DA:12,3
DA:21,3
DA:22,1
DA:24,1
DA:25,2
DA:28,1
DA:33,1
LF:13
LH:13
BRDA:21,0,0,1
BRDA:21,0,1,2
BRF:2
BRH:2
end_of_record
